#
# There is insufficient memory for the Java Runtime Environment to continue.
# Native memory allocation (mmap) failed to map 2064384 bytes for G1 virtual space
# Possible reasons:
#   The system is out of physical RAM or swap space
#   The process is running with CompressedOops enabled, and the Java Heap may be blocking the growth of the native heap
# Possible solutions:
#   Reduce memory load on the system
#   Increase physical memory or swap space
#   Check if swap backing store is full
#   Decrease Java heap size (-Xmx/-Xms)
#   Decrease number of Java threads
#   Decrease Java thread stack sizes (-Xss)
#   Set larger code cache with -XX:ReservedCodeCacheSize=
#   JVM is running with Unscaled Compressed Oops mode in which the Java heap is
#     placed in the first 4GB address space. The Java Heap base address is the
#     maximum limit for the native heap growth. Please use -XX:HeapBaseMinAddress
#     to set the Java Heap base and to place the Java Heap above 4GB virtual address.
# This output file may be truncated or incomplete.
#
#  Out of Memory Error (os_windows.cpp:3530), pid=40308, tid=26716
#
# JRE version:  (18.0.1+10) (build )
# Java VM: Java HotSpot(TM) 64-Bit Server VM (18.0.1+10-24, mixed mode, sharing, tiered, compressed oops, compressed class ptrs, g1 gc, windows-amd64)
# No core dump will be written. Minidumps are not enabled by default on client versions of Windows
#

---------------  S U M M A R Y ------------

Command Line: -Dmaven.multiModuleProjectDirectory=C:\dev\cursos\spring-boot2_spring-webflux\spring-boot-webflux -Dmaven.home=C:\Users\ernesto.lazaro\.m2\wrapper\dists\apache-maven-3.8.4-bin\52ccbt68d252mdldqsfsn03jlf\apache-maven-3.8.4 -Dclassworlds.conf=C:\Users\ernesto.lazaro\.m2\wrapper\dists\apache-maven-3.8.4-bin\52ccbt68d252mdldqsfsn03jlf\apache-maven-3.8.4\bin\m2.conf -Dmaven.ext.class.path=C:\dev\ideaIC-2022.1.1\plugins\maven\lib\maven-event-listener.jar -javaagent:C:\dev\ideaIC-2022.1.1\lib\idea_rt.jar=58700:C:\dev\ideaIC-2022.1.1\bin -Dfile.encoding=UTF-8 org.codehaus.classworlds.Launcher -Didea.version=2022.1.1 -DskipTests=true spring-boot:run -Dspring-boot.run.fork=false -Dmaven.test.skip=true

Host: Intel(R) Core(TM) i5-8265U CPU @ 1.60GHz, 8 cores, 7G,  Windows 10 , 64 bit Build 19041 (10.0.19041.1566)
Time: Wed Jun  1 11:20:06 2022 Hora de verano romance elapsed time: 0.074619 seconds (0d 0h 0m 0s)

---------------  T H R E A D  ---------------

Current thread (0x00000197e9625390):  JavaThread "Unknown thread" [_thread_in_vm, id=26716, stack(0x0000005723100000,0x0000005723200000)]

Stack: [0x0000005723100000,0x0000005723200000]
Native frames: (J=compiled Java code, j=interpreted, Vv=VM code, C=native code)
V  [jvm.dll+0x69887a]
V  [jvm.dll+0x7f38bd]
V  [jvm.dll+0x7f51ce]
V  [jvm.dll+0x7f5883]
V  [jvm.dll+0x25ca3f]
V  [jvm.dll+0x6957c9]
V  [jvm.dll+0x68a2fa]
V  [jvm.dll+0x321efb]
V  [jvm.dll+0x3298d6]
V  [jvm.dll+0x37e4a8]
V  [jvm.dll+0x37e6af]
V  [jvm.dll+0x2f9c7a]
V  [jvm.dll+0x2facdd]
V  [jvm.dll+0x7c24f0]
V  [jvm.dll+0x38b801]
V  [jvm.dll+0x7a1203]
V  [jvm.dll+0x40d6bf]
V  [jvm.dll+0x40f091]
C  [jli.dll+0x526b]
C  [ucrtbase.dll+0x21bb2]
C  [KERNEL32.DLL+0x17034]
C  [ntdll.dll+0x52651]


---------------  P R O C E S S  ---------------

Threads class SMR info:
_java_thread_list=0x00007ffa282cd550, length=0, elements={
}

Java Threads: ( => current thread )

Other Threads:
  0x00000197e9681900 WorkerThread "GC Thread#0" [stack: 0x0000005723200000,0x0000005723300000] [id=9832]
  0x00000197e9694b00 ConcurrentGCThread "G1 Main Marker" [stack: 0x0000005723300000,0x0000005723400000] [id=39500]
  0x00000197e9695400 WorkerThread "G1 Conc#0" [stack: 0x0000005723400000,0x0000005723500000] [id=1868]

[error occurred during error reporting (printing all threads), id 0xc0000005, EXCEPTION_ACCESS_VIOLATION (0xc0000005) at pc=0x00007ffa27afa217]

VM state: not at safepoint (not fully initialized)

VM Mutex/Monitor currently owned by a thread:  ([mutex/lock_event])
[0x00000197e96202c0] Heap_lock - owner thread: 0x00000197e9625390

Heap address: 0x0000000082000000, size: 2016 MB, Compressed Oops mode: 32-bit

CDS archive(s) mapped at: [0x0000000000000000-0x0000000000000000-0x0000000000000000), size 0, SharedBaseAddress: 0x0000000800000000, ArchiveRelocationMode: 0.
Narrow klass base: 0x0000000000000000, Narrow klass shift: 0, Narrow klass range: 0x0

GC Precious Log:
 CardTable entry size: 512
 Card Set container configuration: InlinePtr #cards 5 size 8 Array Of Cards #cards 12 size 40 Howl #buckets 4 coarsen threshold 1843 Howl Bitmap #cards 512 size 80 coarsen threshold 460 Card regions per heap region 1 cards per card region 2048

Heap:
 garbage-first heap   total 0K, used 0K [0x0000000082000000, 0x0000000100000000)
  region size 1024K, 0 young (0K), 0 survivors (0K)

[error occurred during error reporting (printing heap information), id 0xc0000005, EXCEPTION_ACCESS_VIOLATION (0xc0000005) at pc=0x00007ffa27ee0cb9]

GC Heap History (0 events):
No events

Deoptimization events (0 events):
No events

Classes loaded (0 events):
No events

Classes unloaded (0 events):
No events

Classes redefined (0 events):
No events

Internal exceptions (0 events):
No events

VM Operations (0 events):
No events

Events (1 events):
Event: 0.041 Loaded shared library C:\dev\java\jdk-18.0.1\bin\java.dll


Dynamic libraries:
0x00007ff6e2eb0000 - 0x00007ff6e2ec0000 	C:\dev\java\jdk-18.0.1\bin\java.exe
0x00007ffa914b0000 - 0x00007ffa916a5000 	C:\WINDOWS\SYSTEM32\ntdll.dll
0x00007ffa904b0000 - 0x00007ffa9056e000 	C:\WINDOWS\System32\KERNEL32.DLL
0x00007ffa8ed60000 - 0x00007ffa8f028000 	C:\WINDOWS\System32\KERNELBASE.dll
0x00007ffa8f320000 - 0x00007ffa8f420000 	C:\WINDOWS\System32\ucrtbase.dll
0x00007ffa76f80000 - 0x00007ffa76f98000 	C:\dev\java\jdk-18.0.1\bin\jli.dll
0x00007ffa85130000 - 0x00007ffa8514a000 	C:\dev\java\jdk-18.0.1\bin\VCRUNTIME140.dll
0x00007ffa8f630000 - 0x00007ffa8f6de000 	C:\WINDOWS\System32\ADVAPI32.dll
0x00007ffa90280000 - 0x00007ffa9031e000 	C:\WINDOWS\System32\msvcrt.dll
0x00007ffa90570000 - 0x00007ffa9060c000 	C:\WINDOWS\System32\sechost.dll
0x00007ffa8fec0000 - 0x00007ffa8ffe5000 	C:\WINDOWS\System32\RPCRT4.dll
0x00007ffa90df0000 - 0x00007ffa90f90000 	C:\WINDOWS\System32\USER32.dll
0x00007ffa8f490000 - 0x00007ffa8f4b2000 	C:\WINDOWS\System32\win32u.dll
0x00007ffa8fff0000 - 0x00007ffa9001b000 	C:\WINDOWS\System32\GDI32.dll
0x00007ffa8f030000 - 0x00007ffa8f13b000 	C:\WINDOWS\System32\gdi32full.dll
0x00007ffa83e90000 - 0x00007ffa8412a000 	C:\WINDOWS\WinSxS\amd64_microsoft.windows.common-controls_6595b64144ccf1df_6.0.19041.1110_none_60b5254171f9507e\COMCTL32.dll
0x00007ffa8f140000 - 0x00007ffa8f1dd000 	C:\WINDOWS\System32\msvcp_win.dll
0x00007ffa8d980000 - 0x00007ffa8d98a000 	C:\WINDOWS\SYSTEM32\VERSION.dll
0x00007ffa91440000 - 0x00007ffa91470000 	C:\WINDOWS\System32\IMM32.DLL
0x00007ffa85120000 - 0x00007ffa8512c000 	C:\dev\java\jdk-18.0.1\bin\vcruntime140_1.dll
0x00007ffa59c20000 - 0x00007ffa59cad000 	C:\dev\java\jdk-18.0.1\bin\msvcp140.dll
0x00007ffa277f0000 - 0x00007ffa28400000 	C:\dev\java\jdk-18.0.1\bin\server\jvm.dll
0x00007ffa91430000 - 0x00007ffa91438000 	C:\WINDOWS\System32\PSAPI.DLL
0x00007ffa84590000 - 0x00007ffa845b7000 	C:\WINDOWS\SYSTEM32\WINMM.dll
0x00007ffa60bc0000 - 0x00007ffa60bc9000 	C:\WINDOWS\SYSTEM32\WSOCK32.dll
0x00007ffa913c0000 - 0x00007ffa9142b000 	C:\WINDOWS\System32\WS2_32.dll
0x00007ffa8d940000 - 0x00007ffa8d952000 	C:\WINDOWS\SYSTEM32\kernel.appcore.dll
0x00007ffa77010000 - 0x00007ffa7701a000 	C:\dev\java\jdk-18.0.1\bin\jimage.dll
0x00007ffa8c6c0000 - 0x00007ffa8c8a4000 	C:\WINDOWS\SYSTEM32\DBGHELP.DLL
0x00007ffa84c20000 - 0x00007ffa84c4c000 	C:\WINDOWS\SYSTEM32\dbgcore.DLL
0x00007ffa8f290000 - 0x00007ffa8f312000 	C:\WINDOWS\System32\bcryptPrimitives.dll
0x00007ffa86240000 - 0x00007ffa8624e000 	C:\dev\java\jdk-18.0.1\bin\instrument.dll
0x00007ffa71600000 - 0x00007ffa71625000 	C:\dev\java\jdk-18.0.1\bin\java.dll

dbghelp: loaded successfully - version: 4.0.5 - missing functions: none
symbol engine: initialized successfully - sym options: 0x614 - pdb path: .;C:\dev\java\jdk-18.0.1\bin;C:\WINDOWS\SYSTEM32;C:\WINDOWS\WinSxS\amd64_microsoft.windows.common-controls_6595b64144ccf1df_6.0.19041.1110_none_60b5254171f9507e;C:\dev\java\jdk-18.0.1\bin\server

VM Arguments:
jvm_args: -Dmaven.multiModuleProjectDirectory=C:\dev\cursos\spring-boot2_spring-webflux\spring-boot-webflux -Dmaven.home=C:\Users\ernesto.lazaro\.m2\wrapper\dists\apache-maven-3.8.4-bin\52ccbt68d252mdldqsfsn03jlf\apache-maven-3.8.4 -Dclassworlds.conf=C:\Users\ernesto.lazaro\.m2\wrapper\dists\apache-maven-3.8.4-bin\52ccbt68d252mdldqsfsn03jlf\apache-maven-3.8.4\bin\m2.conf -Dmaven.ext.class.path=C:\dev\ideaIC-2022.1.1\plugins\maven\lib\maven-event-listener.jar -javaagent:C:\dev\ideaIC-2022.1.1\lib\idea_rt.jar=58700:C:\dev\ideaIC-2022.1.1\bin -Dfile.encoding=UTF-8 
java_command: org.codehaus.classworlds.Launcher -Didea.version=2022.1.1 -DskipTests=true spring-boot:run -Dspring-boot.run.fork=false -Dmaven.test.skip=true
java_class_path (initial): C:\Users\ernesto.lazaro\.m2\wrapper\dists\apache-maven-3.8.4-bin\52ccbt68d252mdldqsfsn03jlf\apache-maven-3.8.4\boot\plexus-classworlds-2.6.0.jar;C:\Users\ernesto.lazaro\.m2\wrapper\dists\apache-maven-3.8.4-bin\52ccbt68d252mdldqsfsn03jlf\apache-maven-3.8.4\boot\plexus-classworlds.license
Launcher Type: SUN_STANDARD

[Global flags]
     intx CICompilerCount                          = 4                                         {product} {ergonomic}
     uint ConcGCThreads                            = 2                                         {product} {ergonomic}
     uint G1ConcRefinementThreads                  = 8                                         {product} {ergonomic}
   size_t G1HeapRegionSize                         = 1048576                                   {product} {ergonomic}
    uintx GCDrainStackTargetSize                   = 64                                        {product} {ergonomic}
   size_t InitialHeapSize                          = 132120576                                 {product} {ergonomic}
   size_t MarkStackSize                            = 4194304                                   {product} {ergonomic}
   size_t MaxHeapSize                              = 2113929216                                {product} {ergonomic}
   size_t MinHeapDeltaBytes                        = 1048576                                   {product} {ergonomic}
   size_t MinHeapSize                              = 8388608                                   {product} {ergonomic}
    uintx NonNMethodCodeHeapSize                   = 5839372                                {pd product} {ergonomic}
    uintx NonProfiledCodeHeapSize                  = 122909434                              {pd product} {ergonomic}
    uintx ProfiledCodeHeapSize                     = 122909434                              {pd product} {ergonomic}
    uintx ReservedCodeCacheSize                    = 251658240                              {pd product} {ergonomic}
     bool SegmentedCodeCache                       = true                                      {product} {ergonomic}
   size_t SoftMaxHeapSize                          = 2113929216                             {manageable} {ergonomic}
     bool UseCompressedClassPointers               = true                           {product lp64_product} {ergonomic}
     bool UseCompressedOops                        = true                           {product lp64_product} {ergonomic}
     bool UseG1GC                                  = true                                      {product} {ergonomic}
     bool UseLargePagesIndividualAllocation        = false                                  {pd product} {ergonomic}

Logging:
Log output configuration:
 #0: stdout all=warning uptime,level,tags foldmultilines=false
 #1: stderr all=off uptime,level,tags foldmultilines=false

Environment Variables:
PATH=C:\Program Files\Common Files\Oracle\Java\javapath;C:\Program Files (x86)\Common Files\Oracle\Java\javapath;C:\WINDOWS\system32;C:\WINDOWS;C:\WINDOWS\System32\Wbem;C:\WINDOWS\System32\WindowsPowerShell\v1.0\;C:\WINDOWS\System32\OpenSSH\;C:\ProgramData\chocolatey\bin;C:\Program Files\TortoiseSVN\bin;C:\Program Files\TortoiseGit\bin;C:\Program Files\Docker\Docker\resources\bin;C:\ProgramData\DockerDesktop\version-bin;C:\dev\apache-maven-3.8.1\bin;C:\Program Files (x86)\Intel\Intel(R) Management Engine Components\DAL;C:\Program Files\Intel\Intel(R) Management Engine Components\DAL;C:\Users\ernesto.lazaro\AppData\Local\Microsoft\WindowsApps;C:\Users\ernesto.lazaro\AppData\Local\Programs\Git\cmd
USERNAME=ernesto.lazaro
OS=Windows_NT
PROCESSOR_IDENTIFIER=Intel64 Family 6 Model 142 Stepping 12, GenuineIntel



---------------  S Y S T E M  ---------------

OS:
 Windows 10 , 64 bit Build 19041 (10.0.19041.1566)
OS uptime: 79 days 1:45 hours
Hyper-V role detected

CPU: total 8 (initial active 8) (4 cores per cpu, 2 threads per core) family 6 model 142 stepping 12 microcode 0xec, cx8, cmov, fxsr, ht, mmx, 3dnowpref, sse, sse2, sse3, ssse3, sse4.1, sse4.2, popcnt, lzcnt, tsc, tscinvbit, avx, avx2, aes, erms, clmul, bmi1, bmi2, adx, fma, vzeroupper, clflush, clflushopt, hv

Memory: 4k page, system-wide physical 8062M (288M free)
TotalPageFile size 32638M (AvailPageFile size 4M)
current process WorkingSet (physical memory assigned to process): 10M, peak: 10M
current process commit charge ("private bytes"): 188M, peak: 190M

vm_info: Java HotSpot(TM) 64-Bit Server VM (18.0.1+10-24) for windows-amd64 JRE (18.0.1+10-24), built on Mar  9 2022 22:41:56 by "mach5one" with MS VC++ 16.8 / 16.9 (VS2019)

END.
